<?xml version="1.0" encoding="UTF-8"?>
<testsuite name="PseudonymTest" tests="1" skipped="0" failures="0" errors="0" timestamp="2022-03-17T19:01:48" hostname="MyMacBook.local" time="0.246">
  <properties/>
  <testcase name="test()" classname="PseudonymTest" time="0.246"/>
  <system-out><![CDATA[b9cZ6g+Gx9kGr6uXtxe77i6UHU55fbkljwtpPb3/Smo5Sq+cOnkqb/Z7doxYi5TeeT5C2p5ZYe4u3sl1bG64GV9Df+mHJbRLtk4UHEtGQkEIe7+nNnF6djkkHWJhCBRHOt4KXce3f5CCZR+b1UHQN8KlEW/+jKMfrfj+dtci7nA=
EavYE5V09ncAybGKSWNk2WWXQo3IneO7ekTPmgU4NmdnFraBPVyf9HXCboxEbwLl2VyUaQcLRAbsswXlBOC/9Ziix+6CUWF8YtlcruN02oC9KTrPeTP5Wed7Xix1YLez3AIHkzHVcdOTvIwUWxKyUhxRNFYMO52JKvb3Ktngdc8=
EavYE5V09ncAybGKSWNk2WWXQo3IneO7ekTPmgU4NmdnFraBPVyf9HXCboxEbwLl2VyUaQcLRAbsswXlBOC/9Ziix+6CUWF8YtlcruN02oC9KTrPeTP5Wed7Xix1YLez3AIHkzHVcdOTvIwUWxKyUhxRNFYMO52JKvb3Ktngdc8=
]]></system-out>
  <system-err><![CDATA[]]></system-err>
</testsuite>
