<?xml version="1.0" encoding="UTF-8"?>
<testsuite name="PseudonymTest" tests="2" skipped="0" failures="0" errors="0" timestamp="2022-03-18T19:25:43" hostname="MyMacBook.local" time="0.16">
  <properties/>
  <testcase name="positiveTest()" classname="PseudonymTest" time="0.122"/>
  <testcase name="negativeTest()" classname="PseudonymTest" time="0.037"/>
  <system-out><![CDATA[H2IAs/tSTArJkMYkHwAvCyDxZLuQQ+MLJsBmJtk+heJ8qUdnvWV2ZRLj/rfO5rv5eBSW1TDrWqkrJHE0DuKrPkPloWyELKn2ojctEqdg69XUBNLKXTdmdF7EaEj6UENGQUqhtPJjzm9tWEPr5qRNWD6cEQmwZoj4olv0u30iru4=
A36k70hH5EdUzQXZ/j9PGNOYFYZZo5RTs0v9n3K1JKEFLualKFuL0Iwf0PeETuUE3D0vYOTA7kVRvE/krfAaQKUGZKsN4eIrgIBG051jlDkScnZmARNG1Z7POJOfyoBcxklkzjBE97k7uZwpxZtvvz2MBsZfjxMTU2DBSNeMQE0=
A36k70hH5EdUzQXZ/j9PGNOYFYZZo5RTs0v9n3K1JKEFLualKFuL0Iwf0PeETuUE3D0vYOTA7kVRvE/krfAaQKUGZKsN4eIrgIBG051jlDkScnZmARNG1Z7POJOfyoBcxklkzjBE97k7uZwpxZtvvz2MBsZfjxMTU2DBSNeMQE0=
]]></system-out>
  <system-err><![CDATA[]]></system-err>
</testsuite>
